C:\USERS\CONOR\DOCUMENTS\VISUAL STUDIO 2012\PROJECTS\KINECT-64\EMULATOR\EMULATOR\X64\RELEASE\EMULATOR.PCH
C:\USERS\CONOR\DOCUMENTS\VISUAL STUDIO 2012\PROJECTS\KINECT-64\EMULATOR\EMULATOR\X64\RELEASE\STDAFX.OBJ
C:\USERS\CONOR\DOCUMENTS\VISUAL STUDIO 2012\PROJECTS\KINECT-64\EMULATOR\EMULATOR\X64\RELEASE\VC110.PDB
C:\USERS\CONOR\DOCUMENTS\VISUAL STUDIO 2012\PROJECTS\KINECT-64\EMULATOR\EMULATOR\X64\RELEASE\TCPSOCKET.OBJ
C:\USERS\CONOR\DOCUMENTS\VISUAL STUDIO 2012\PROJECTS\KINECT-64\EMULATOR\EMULATOR\X64\RELEASE\PLAYER.OBJ
C:\USERS\CONOR\DOCUMENTS\VISUAL STUDIO 2012\PROJECTS\KINECT-64\EMULATOR\EMULATOR\X64\RELEASE\KEYBOARD.OBJ
C:\USERS\CONOR\DOCUMENTS\VISUAL STUDIO 2012\PROJECTS\KINECT-64\EMULATOR\EMULATOR\X64\RELEASE\MAIN.OBJ
C:\USERS\CONOR\DOCUMENTS\VISUAL STUDIO 2012\PROJECTS\KINECT-64\EMULATOR\EMULATOR\X64\RELEASE\GAME.OBJ
C:\USERS\CONOR\DOCUMENTS\VISUAL STUDIO 2012\PROJECTS\KINECT-64\EMULATOR\EMULATOR\X64\RELEASE\ASSEMBLYINFO.OBJ
C:\USERS\CONOR\DOCUMENTS\VISUAL STUDIO 2012\PROJECTS\KINECT-64\EMULATOR\EMULATOR\X64\RELEASE\.NETFRAMEWORK,VERSION=V4.5.1.ASSEMBLYATTRIBUTES.OBJ
C:\USERS\CONOR\DOCUMENTS\VISUAL STUDIO 2012\PROJECTS\KINECT-64\EMULATOR\EMULATOR\X64\RELEASE\APP.RES
C:\Users\Conor\Documents\Visual Studio 2012\Projects\kinect-64\emulator\emulator\x64\Release\.NETFramework,Version=v4.5.1.AssemblyAttributes.obj
C:\Users\Conor\Documents\Visual Studio 2012\Projects\kinect-64\emulator\emulator\x64\Release\AssemblyInfo.obj
C:\Users\Conor\Documents\Visual Studio 2012\Projects\kinect-64\emulator\emulator\x64\Release\Game.obj
C:\Users\Conor\Documents\Visual Studio 2012\Projects\kinect-64\emulator\emulator\x64\Release\Keyboard.obj
C:\Users\Conor\Documents\Visual Studio 2012\Projects\kinect-64\emulator\emulator\x64\Release\main.obj
C:\Users\Conor\Documents\Visual Studio 2012\Projects\kinect-64\emulator\emulator\x64\Release\player.obj
C:\Users\Conor\Documents\Visual Studio 2012\Projects\kinect-64\emulator\emulator\x64\Release\stdafx.obj
C:\Users\Conor\Documents\Visual Studio 2012\Projects\kinect-64\emulator\emulator\x64\Release\TcpSocket.obj
C:\Users\Conor\Documents\Visual Studio 2012\Projects\kinect-64\emulator\emulator\x64\Release\cl.command.1.tlog
C:\Users\Conor\Documents\Visual Studio 2012\Projects\kinect-64\emulator\emulator\x64\Release\CL.read.1.tlog
C:\Users\Conor\Documents\Visual Studio 2012\Projects\kinect-64\emulator\emulator\x64\Release\CL.write.1.tlog
C:\Users\Conor\Documents\Visual Studio 2012\Projects\kinect-64\emulator\emulator\x64\Release\link.1952.read.1.tlog
C:\Users\Conor\Documents\Visual Studio 2012\Projects\kinect-64\emulator\emulator\x64\Release\link.1952.write.1.tlog
C:\Users\Conor\Documents\Visual Studio 2012\Projects\kinect-64\emulator\emulator\x64\Release\link.4608.read.1.tlog
C:\Users\Conor\Documents\Visual Studio 2012\Projects\kinect-64\emulator\emulator\x64\Release\link.4608.write.1.tlog
C:\Users\Conor\Documents\Visual Studio 2012\Projects\kinect-64\emulator\emulator\x64\Release\link.5392.read.1.tlog
C:\Users\Conor\Documents\Visual Studio 2012\Projects\kinect-64\emulator\emulator\x64\Release\link.5392.write.1.tlog
C:\Users\Conor\Documents\Visual Studio 2012\Projects\kinect-64\emulator\emulator\x64\Release\link.command.1.tlog
C:\Users\Conor\Documents\Visual Studio 2012\Projects\kinect-64\emulator\emulator\x64\Release\link.read.1.tlog
C:\Users\Conor\Documents\Visual Studio 2012\Projects\kinect-64\emulator\emulator\x64\Release\link.write.1.tlog
C:\Users\Conor\Documents\Visual Studio 2012\Projects\kinect-64\emulator\emulator\x64\Release\metagen.read.1.tlog
C:\Users\Conor\Documents\Visual Studio 2012\Projects\kinect-64\emulator\emulator\x64\Release\metagen.write.1.tlog
C:\Users\Conor\Documents\Visual Studio 2012\Projects\kinect-64\emulator\emulator\x64\Release\rc.command.1.tlog
C:\Users\Conor\Documents\Visual Studio 2012\Projects\kinect-64\emulator\emulator\x64\Release\rc.read.1.tlog
C:\Users\Conor\Documents\Visual Studio 2012\Projects\kinect-64\emulator\emulator\x64\Release\rc.write.1.tlog
C:\Users\Conor\Documents\Visual Studio 2012\Projects\kinect-64\emulator\emulator\x64\Release\app.res
C:\Users\Conor\Documents\Visual Studio 2012\Projects\kinect-64\emulator\emulator\x64\Release\emulator.pch
C:\Users\Conor\Documents\Visual Studio 2012\Projects\kinect-64\emulator\emulator\x64\Release\vc110.pdb
C:\Users\Conor\Documents\Visual Studio 2012\Projects\kinect-64\emulator\emulator\x64\Release\TZRES.DLL.bi
