C:\USERS\CONOR\DOCUMENTS\VISUAL STUDIO 2012\PROJECTS\EMULATOR\EMULATOR\X64\DEBUG\EMULATOR.PCH
C:\USERS\CONOR\DOCUMENTS\VISUAL STUDIO 2012\PROJECTS\EMULATOR\EMULATOR\X64\DEBUG\STDAFX.OBJ
C:\USERS\CONOR\DOCUMENTS\VISUAL STUDIO 2012\PROJECTS\EMULATOR\EMULATOR\X64\DEBUG\VC110.PDB
C:\USERS\CONOR\DOCUMENTS\VISUAL STUDIO 2012\PROJECTS\EMULATOR\EMULATOR\X64\DEBUG\KEYBOARD.OBJ
C:\USERS\CONOR\DOCUMENTS\VISUAL STUDIO 2012\PROJECTS\EMULATOR\EMULATOR\X64\DEBUG\EMULATOR.OBJ
C:\USERS\CONOR\DOCUMENTS\VISUAL STUDIO 2012\PROJECTS\EMULATOR\EMULATOR\X64\DEBUG\ASSEMBLYINFO.OBJ
C:\USERS\CONOR\DOCUMENTS\VISUAL STUDIO 2012\PROJECTS\EMULATOR\EMULATOR\X64\DEBUG\.NETFRAMEWORK,VERSION=V4.5.1.ASSEMBLYATTRIBUTES.OBJ
C:\USERS\CONOR\DOCUMENTS\VISUAL STUDIO 2012\PROJECTS\EMULATOR\EMULATOR\X64\DEBUG\PLAYER.OBJ
C:\USERS\CONOR\DOCUMENTS\VISUAL STUDIO 2012\PROJECTS\EMULATOR\X64\DEBUG\EMULATOR.ILK
C:\USERS\CONOR\DOCUMENTS\VISUAL STUDIO 2012\PROJECTS\EMULATOR\X64\DEBUG\EMULATOR.EXE
C:\USERS\CONOR\DOCUMENTS\VISUAL STUDIO 2012\PROJECTS\EMULATOR\X64\DEBUG\EMULATOR.PDB
C:\USERS\CONOR\DOCUMENTS\VISUAL STUDIO 2012\PROJECTS\EMULATOR\EMULATOR\X64\DEBUG\APP.RES
c:\Users\Conor\documents\visual studio 2012\Projects\emulator\emulator\x64\Debug\.NETFramework,Version=v4.5.1.AssemblyAttributes.obj
c:\Users\Conor\documents\visual studio 2012\Projects\emulator\emulator\x64\Debug\AssemblyInfo.obj
c:\Users\Conor\documents\visual studio 2012\Projects\emulator\emulator\x64\Debug\emulator.obj
c:\Users\Conor\documents\visual studio 2012\Projects\emulator\emulator\x64\Debug\Keyboard.obj
c:\Users\Conor\documents\visual studio 2012\Projects\emulator\emulator\x64\Debug\player.obj
c:\Users\Conor\documents\visual studio 2012\Projects\emulator\emulator\x64\Debug\stdafx.obj
c:\Users\Conor\documents\visual studio 2012\Projects\emulator\emulator\x64\Debug\cl.command.1.tlog
c:\Users\Conor\documents\visual studio 2012\Projects\emulator\emulator\x64\Debug\CL.read.1.tlog
c:\Users\Conor\documents\visual studio 2012\Projects\emulator\emulator\x64\Debug\CL.write.1.tlog
c:\Users\Conor\documents\visual studio 2012\Projects\emulator\emulator\x64\Debug\link.3684-cvtres.read.1.tlog
c:\Users\Conor\documents\visual studio 2012\Projects\emulator\emulator\x64\Debug\link.3684-cvtres.write.1.tlog
c:\Users\Conor\documents\visual studio 2012\Projects\emulator\emulator\x64\Debug\link.3684-rc.read.1.tlog
c:\Users\Conor\documents\visual studio 2012\Projects\emulator\emulator\x64\Debug\link.3684-rc.write.1.tlog
c:\Users\Conor\documents\visual studio 2012\Projects\emulator\emulator\x64\Debug\link.3684.read.1.tlog
c:\Users\Conor\documents\visual studio 2012\Projects\emulator\emulator\x64\Debug\link.3684.write.1.tlog
c:\Users\Conor\documents\visual studio 2012\Projects\emulator\emulator\x64\Debug\link.5576-cvtres.read.1.tlog
c:\Users\Conor\documents\visual studio 2012\Projects\emulator\emulator\x64\Debug\link.5576-cvtres.write.1.tlog
c:\Users\Conor\documents\visual studio 2012\Projects\emulator\emulator\x64\Debug\link.5576-rc.read.1.tlog
c:\Users\Conor\documents\visual studio 2012\Projects\emulator\emulator\x64\Debug\link.5576-rc.write.1.tlog
c:\Users\Conor\documents\visual studio 2012\Projects\emulator\emulator\x64\Debug\link.5576.read.1.tlog
c:\Users\Conor\documents\visual studio 2012\Projects\emulator\emulator\x64\Debug\link.5576.write.1.tlog
c:\Users\Conor\documents\visual studio 2012\Projects\emulator\emulator\x64\Debug\link.command.1.tlog
c:\Users\Conor\documents\visual studio 2012\Projects\emulator\emulator\x64\Debug\link.read.1.tlog
c:\Users\Conor\documents\visual studio 2012\Projects\emulator\emulator\x64\Debug\link.write.1.tlog
c:\Users\Conor\documents\visual studio 2012\Projects\emulator\emulator\x64\Debug\metagen.read.1.tlog
c:\Users\Conor\documents\visual studio 2012\Projects\emulator\emulator\x64\Debug\metagen.write.1.tlog
c:\Users\Conor\documents\visual studio 2012\Projects\emulator\emulator\x64\Debug\rc.command.1.tlog
c:\Users\Conor\documents\visual studio 2012\Projects\emulator\emulator\x64\Debug\rc.read.1.tlog
c:\Users\Conor\documents\visual studio 2012\Projects\emulator\emulator\x64\Debug\rc.write.1.tlog
c:\Users\Conor\documents\visual studio 2012\Projects\emulator\emulator\x64\Debug\app.res
c:\Users\Conor\documents\visual studio 2012\Projects\emulator\emulator\x64\Debug\emulator.pch
c:\Users\Conor\documents\visual studio 2012\Projects\emulator\emulator\x64\Debug\vc110.pdb
c:\Users\Conor\documents\visual studio 2012\Projects\emulator\emulator\x64\Debug\TZRES.DLL.bi
c:\users\conor\documents\visual studio 2012\Projects\emulator\x64\Debug\emulator.pdb
c:\users\conor\documents\visual studio 2012\Projects\emulator\x64\Debug\emulator.exe
c:\users\conor\documents\visual studio 2012\Projects\emulator\x64\Debug\emulator.ilk
